<?xml version="1.0" encoding="UTF-8"?>
<testsuite xmlns:xsi="http://www.w3.org/2001/XMLSchema-instance" xsi:noNamespaceSchemaLocation="https://maven.apache.org/surefire/maven-surefire-plugin/xsd/surefire-test-report.xsd" name="maria.CalculatorTest" time="0.046" tests="5" errors="0" skipped="0" failures="0">
  <properties>
[...]
</properties>
  <testcase name="testDivideByZero" classname="maria.CalculatorTest" time="0.032"/>
  <testcase name="testAdd" classname="maria.CalculatorTest" time="0.002"/>
  <testcase name="testSubtract" classname="maria.CalculatorTest" time="0"/>
  <testcase name="testDivide" classname="maria.CalculatorTest" time="0.001"/>
  <testcase name="testMultiply" classname="maria.CalculatorTest" time="0.001"/>
</testsuite>